SpYNNakerNeuronGraphNetworkSpecificationReport skipped as cfg Reports:write_network_graph is False
Network Specification report took 0:00:00.003610 
Splitter reset took 0:00:00.000041 
Spynnaker splitter selector took 0:00:00.002726 
DelaySupportAdder took 0:00:00.003349 
SpynnakerSplitterPartitioner took 0:00:00.009526 
Machine generator took 0:00:00.560687 
Json machine skipped as cfg Reports:write_json_machine is False
Board chip report took 0:00:00.005229 
Command Sender Adder took 0:00:00.002263 
Split Live Gather Vertices took 0:00:00.000077 
Insert chip power monitors skipped as cfg Reports:write_energy_report is False
Insert extra monitor vertices took 0:00:00.000074 
Partitioner report took 0:00:00.005406 
Local TDMA builder took 0:00:00.000374 
Application Placer took 0:00:00.004988 
Placements wth application graph report took 0:00:00.012864 
Json placements skipped as cfg Reports:write_json_placements is False
System multicast routing generator took 0:00:00.003189 
Fixed route router took 0:00:00.002188 
Application Router took 0:00:00.003418 
Basic tag allocator took 0:00:00.004209 
Tag allocator report took 0:00:00.004731 
Zoned routing info allocator took 0:00:00.004139 
Router info report took 0:00:00.005271 
Merged routing table generator took 0:00:00.001961 
Uncompressed routing table report took 0:00:00.040486 
Router report skipped as cfg Reports:write_router_reports is False
Router summary report skipped as cfg Reports:write_router_summary_report is False
Json routing tables skipped as cfg Reports:write_json_routing_tables is False
Locate executable start type took 0:00:00.000404 
Buffer manager creator took 0:00:00.000241 
Write Neo Metadata took 0:00:01.310394 
Record vertex labels to database took 0:00:00.092606 
Routing setup took 0:00:00.007143 
Graph binary gatherer took 0:00:00.007591 
Pair on chip router compression skipped as Tables already small enough
SDRAM outgoing partition allocator took 0:00:00.002450 
Graph data specification writer took 0:00:01.457168 
Control Sync took 0:00:00.001152 
Load fixed routes took 0:00:00.006790 
Execute system data specification took 0:00:00.294966 
Load executable system Images took 0:00:00.127921 
Tags Loader took 0:00:00.017371 
Host data specification took 0:00:00.249161 
Neuron expander took 0:00:00.594128 
Synapse expander took 0:00:00.615407 
Finish connection holders took 0:00:00.002100 
Routing table loader took 0:00:00.004657 
Bitfield compressor report skipped as cfg Reports:write_bit_field_compressor_report is False
Tags from machine report took 0:00:00.015482 
Memory report skipped as cfg Reports:write_memory_map_report is False
Memory report skipped as cfg Reports:write_memory_map_report is False
Compressor report took 0:00:00.092002 
Fixed route report took 0:00:00.010470 
Load executable app images took 0:00:00.283876 
Sdram usage per chip report took 0:00:00.015233 
Drift report skipped as cfg Reports:write_drift_report_start is False
Create database interface took 0:00:03.585944 
Create notification protocol took 0:00:00.002249 
Runtime Update took 0:00:00.027771 
Application runner took 0:00:01.820389 
Extract IO buff skipped as cfg Reports:extract_iobuf is False
Buffer extractor took 0:00:00.354817 
Clear IO buffer took 0:00:00.004002 
Graph provenance gatherer took 0:00:00.178385 
Placements provenance gatherer took 0:00:04.750847 
Router provenance gatherer took 0:00:04.434452 
Profile data gatherer took 0:00:00.083675 
Energy report skipped as cfg Reports:write_energy_report is False
Redundant packet count report took 0:00:00.152767 
Drift report skipped as cfg Reports:write_drift_report_end is False
Control Sync took 0:00:00.001115 
