        Placement Information by Core
        =============================

Generated: Fri Jun  2 20:49:39 2023 for target machine '192.168.240.253'

**** Chip: (0, 0)
Application cores: 18
  Processor 1: System Vertex: 'SYSTEM:PacketGatherer(0,0)'
              Model: DataSpeedUpPacketGatherMachineVertex
              SDRAM required: 477250; 0 per timestep

  Processor 2: System Vertex: 'SYSTEM:ExtraMonitor'
              Model: ExtraMonitorSupportMachineVertex
              SDRAM required: 488476; 0 per timestep

  Processor 3: Vertex: 'input', pop size: 1
              Slice: (0:0)  input(0:0)
              Model: SpikeSourceArrayVertex
              SDRAM required: 522; 10.0 per timestep

  Processor 4: Vertex: 'my_full_neuron_pop', pop size: 1
              Slice: (0:0)  my_full_neuron_pop(0:0)
              Model: AbstractPopulationVertex
              SDRAM required: 1300; 8.0 per timestep

  Processor 5: Vertex: 'iaf_psc_exp_pop', pop size: 1
              Slice: (0:0)  iaf_psc_exp_pop(0:0)
              Model: AbstractPopulationVertex
              SDRAM required: 2188; 8.0 per timestep

Total SDRAM on chip ([Chip: x=0, y=0, sdram=2 MB, ip_address=192.168.240.253, router=[Router: emergency_routing=False, available_entries=1023, links=[[Link: source_x=0, source_y=0, source_link_id=0, destination_x=1, destination_y=0], [Link: source_x=0, source_y=0, source_link_id=1, destination_x=1, destination_y=1], [Link: source_x=0, source_y=0, source_link_id=2, destination_x=0, destination_y=1], [Link: source_x=0, source_y=0, source_link_id=5, destination_x=0, destination_y=1]]], processors=[[CPU: id=0, clock_speed=200 MHz, monitor=True], [CPU: id=1, clock_speed=200 MHz, monitor=False], [CPU: id=2, clock_speed=200 MHz, monitor=False], [CPU: id=3, clock_speed=200 MHz, monitor=False], [CPU: id=4, clock_speed=200 MHz, monitor=False], [CPU: id=5, clock_speed=200 MHz, monitor=False], [CPU: id=6, clock_speed=200 MHz, monitor=False], [CPU: id=7, clock_speed=200 MHz, monitor=False], [CPU: id=8, clock_speed=200 MHz, monitor=False], [CPU: id=9, clock_speed=200 MHz, monitor=False], [CPU: id=10, clock_speed=200 MHz, monitor=False], [CPU: id=11, clock_speed=200 MHz, monitor=False], [CPU: id=12, clock_speed=200 MHz, monitor=False], [CPU: id=13, clock_speed=200 MHz, monitor=False], [CPU: id=14, clock_speed=200 MHz, monitor=False], [CPU: id=15, clock_speed=200 MHz, monitor=False], [CPU: id=16, clock_speed=200 MHz, monitor=False], [CPU: id=17, clock_speed=200 MHz, monitor=False]], nearest_ethernet=0:0] available): 969736; 26.0 per-timestep

**** Chip: (0, 1)
Application cores: 18
  Processor 1: System Vertex: 'SYSTEM:ExtraMonitor'
              Model: ExtraMonitorSupportMachineVertex
              SDRAM required: 488476; 0 per timestep

Total SDRAM on chip ([Chip: x=0, y=1, sdram=117 MB, ip_address=None, router=[Router: emergency_routing=False, available_entries=1023, links=[[Link: source_x=0, source_y=1, source_link_id=0, destination_x=1, destination_y=1], [Link: source_x=0, source_y=1, source_link_id=1, destination_x=1, destination_y=0], [Link: source_x=0, source_y=1, source_link_id=2, destination_x=0, destination_y=0], [Link: source_x=0, source_y=1, source_link_id=5, destination_x=0, destination_y=0]]], processors=[[CPU: id=0, clock_speed=200 MHz, monitor=True], [CPU: id=1, clock_speed=200 MHz, monitor=False], [CPU: id=2, clock_speed=200 MHz, monitor=False], [CPU: id=3, clock_speed=200 MHz, monitor=False], [CPU: id=4, clock_speed=200 MHz, monitor=False], [CPU: id=5, clock_speed=200 MHz, monitor=False], [CPU: id=6, clock_speed=200 MHz, monitor=False], [CPU: id=7, clock_speed=200 MHz, monitor=False], [CPU: id=8, clock_speed=200 MHz, monitor=False], [CPU: id=9, clock_speed=200 MHz, monitor=False], [CPU: id=10, clock_speed=200 MHz, monitor=False], [CPU: id=11, clock_speed=200 MHz, monitor=False], [CPU: id=12, clock_speed=200 MHz, monitor=False], [CPU: id=13, clock_speed=200 MHz, monitor=False], [CPU: id=14, clock_speed=200 MHz, monitor=False], [CPU: id=15, clock_speed=200 MHz, monitor=False], [CPU: id=16, clock_speed=200 MHz, monitor=False], [CPU: id=17, clock_speed=200 MHz, monitor=False]], nearest_ethernet=0:0] available): 488476; 0 per-timestep

**** Chip: (1, 0)
Application cores: 18
  Processor 1: System Vertex: 'SYSTEM:ExtraMonitor'
              Model: ExtraMonitorSupportMachineVertex
              SDRAM required: 488476; 0 per timestep

Total SDRAM on chip ([Chip: x=1, y=0, sdram=117 MB, ip_address=None, router=[Router: emergency_routing=False, available_entries=1023, links=[[Link: source_x=1, source_y=0, source_link_id=2, destination_x=1, destination_y=1], [Link: source_x=1, source_y=0, source_link_id=3, destination_x=0, destination_y=0], [Link: source_x=1, source_y=0, source_link_id=4, destination_x=0, destination_y=1], [Link: source_x=1, source_y=0, source_link_id=5, destination_x=1, destination_y=1]]], processors=[[CPU: id=0, clock_speed=200 MHz, monitor=True], [CPU: id=1, clock_speed=200 MHz, monitor=False], [CPU: id=2, clock_speed=200 MHz, monitor=False], [CPU: id=3, clock_speed=200 MHz, monitor=False], [CPU: id=4, clock_speed=200 MHz, monitor=False], [CPU: id=5, clock_speed=200 MHz, monitor=False], [CPU: id=6, clock_speed=200 MHz, monitor=False], [CPU: id=7, clock_speed=200 MHz, monitor=False], [CPU: id=8, clock_speed=200 MHz, monitor=False], [CPU: id=9, clock_speed=200 MHz, monitor=False], [CPU: id=10, clock_speed=200 MHz, monitor=False], [CPU: id=11, clock_speed=200 MHz, monitor=False], [CPU: id=12, clock_speed=200 MHz, monitor=False], [CPU: id=13, clock_speed=200 MHz, monitor=False], [CPU: id=14, clock_speed=200 MHz, monitor=False], [CPU: id=15, clock_speed=200 MHz, monitor=False], [CPU: id=16, clock_speed=200 MHz, monitor=False], [CPU: id=17, clock_speed=200 MHz, monitor=False]], nearest_ethernet=0:0] available): 488476; 0 per-timestep

**** Chip: (1, 1)
Application cores: 18
  Processor 1: System Vertex: 'SYSTEM:ExtraMonitor'
              Model: ExtraMonitorSupportMachineVertex
              SDRAM required: 488476; 0 per timestep

Total SDRAM on chip ([Chip: x=1, y=1, sdram=117 MB, ip_address=None, router=[Router: emergency_routing=False, available_entries=1023, links=[[Link: source_x=1, source_y=1, source_link_id=2, destination_x=1, destination_y=0], [Link: source_x=1, source_y=1, source_link_id=3, destination_x=0, destination_y=1], [Link: source_x=1, source_y=1, source_link_id=4, destination_x=0, destination_y=0], [Link: source_x=1, source_y=1, source_link_id=5, destination_x=1, destination_y=0]]], processors=[[CPU: id=0, clock_speed=200 MHz, monitor=True], [CPU: id=1, clock_speed=200 MHz, monitor=False], [CPU: id=2, clock_speed=200 MHz, monitor=False], [CPU: id=3, clock_speed=200 MHz, monitor=False], [CPU: id=4, clock_speed=200 MHz, monitor=False], [CPU: id=5, clock_speed=200 MHz, monitor=False], [CPU: id=6, clock_speed=200 MHz, monitor=False], [CPU: id=7, clock_speed=200 MHz, monitor=False], [CPU: id=8, clock_speed=200 MHz, monitor=False], [CPU: id=9, clock_speed=200 MHz, monitor=False], [CPU: id=10, clock_speed=200 MHz, monitor=False], [CPU: id=11, clock_speed=200 MHz, monitor=False], [CPU: id=12, clock_speed=200 MHz, monitor=False], [CPU: id=13, clock_speed=200 MHz, monitor=False], [CPU: id=14, clock_speed=200 MHz, monitor=False], [CPU: id=15, clock_speed=200 MHz, monitor=False], [CPU: id=16, clock_speed=200 MHz, monitor=False], [CPU: id=17, clock_speed=200 MHz, monitor=False]], nearest_ethernet=0:0] available): 488476; 0 per-timestep

