SpYNNakerNeuronGraphNetworkSpecificationReport skipped as cfg Reports:write_network_graph is False
Network Specification report took 0:00:00.003497 
Splitter reset took 0:00:00.000046 
Spynnaker splitter selector took 0:00:00.002625 
DelaySupportAdder took 0:00:00.003266 
SpynnakerSplitterPartitioner took 0:00:00.009429 
Machine generator took 0:00:00.549827 
Json machine skipped as cfg Reports:write_json_machine is False
Board chip report took 0:00:00.005348 
Command Sender Adder took 0:00:00.002360 
Split Live Gather Vertices took 0:00:00.000047 
Insert chip power monitors skipped as cfg Reports:write_energy_report is False
Insert extra monitor vertices took 0:00:00.000074 
Partitioner report took 0:00:00.005871 
Local TDMA builder took 0:00:00.000383 
Application Placer took 0:00:00.005498 
Placements wth application graph report took 0:00:00.012920 
Json placements skipped as cfg Reports:write_json_placements is False
System multicast routing generator took 0:00:00.002756 
Fixed route router took 0:00:00.002245 
Application Router took 0:00:00.003167 
Basic tag allocator took 0:00:00.004071 
Tag allocator report took 0:00:00.004737 
Zoned routing info allocator took 0:00:00.004344 
Router info report took 0:00:00.005219 
Merged routing table generator took 0:00:00.002354 
Uncompressed routing table report took 0:00:00.040086 
Router report skipped as cfg Reports:write_router_reports is False
Router summary report skipped as cfg Reports:write_router_summary_report is False
Json routing tables skipped as cfg Reports:write_json_routing_tables is False
Locate executable start type took 0:00:00.000416 
Buffer manager creator took 0:00:00.000225 
Write Neo Metadata took 0:00:01.304694 
Record vertex labels to database took 0:00:00.089915 
Routing setup took 0:00:00.006661 
Graph binary gatherer took 0:00:00.007518 
Pair on chip router compression skipped as Tables already small enough
SDRAM outgoing partition allocator took 0:00:00.002288 
Graph data specification writer took 0:00:01.281502 
Control Sync took 0:00:00.001110 
Load fixed routes took 0:00:00.006272 
Execute system data specification took 0:00:00.285326 
Load executable system Images took 0:00:00.126061 
Tags Loader took 0:00:00.016784 
Host data specification took 0:00:00.423629 
Neuron expander took 0:00:00.599616 
Synapse expander took 0:00:00.614736 
Finish connection holders took 0:00:00.002160 
Routing table loader took 0:00:00.004621 
Bitfield compressor report skipped as cfg Reports:write_bit_field_compressor_report is False
Tags from machine report took 0:00:00.014857 
Memory report skipped as cfg Reports:write_memory_map_report is False
Memory report skipped as cfg Reports:write_memory_map_report is False
Compressor report took 0:00:00.089881 
Fixed route report took 0:00:00.010375 
Load executable app images took 0:00:00.278183 
Sdram usage per chip report took 0:00:00.014843 
Drift report skipped as cfg Reports:write_drift_report_start is False
Create database interface took 0:00:03.461620 
Create notification protocol took 0:00:00.001480 
Runtime Update took 0:00:00.027722 
Application runner exited with SpiNNManCoresNotInStateException after 0:00:01.877012
