SpYNNakerNeuronGraphNetworkSpecificationReport skipped as cfg Reports:write_network_graph is False
Network Specification report took 0:00:00.001348 
Splitter reset took 0:00:00.000023 
Spynnaker splitter selector took 0:00:00.001071 
DelaySupportAdder took 0:00:00.002642 
SpynnakerSplitterPartitioner took 0:00:00.008330 
Machine generator took 0:00:00.499940 
Json machine skipped as cfg Reports:write_json_machine is False
Board chip report took 0:00:00.004144 
Command Sender Adder took 0:00:00.000883 
Split Live Gather Vertices took 0:00:00.000021 
Insert chip power monitors skipped as cfg Reports:write_energy_report is False
Insert extra monitor vertices took 0:00:00.000040 
Partitioner report took 0:00:00.006564 
Local TDMA builder took 0:00:00.000182 
Application Placer took 0:00:00.003454 
Placements wth application graph report took 0:00:00.008517 
Json placements skipped as cfg Reports:write_json_placements is False
System multicast routing generator took 0:00:00.002806 
Fixed route router took 0:00:00.000919 
Application Router took 0:00:00.003276 
Basic tag allocator took 0:00:00.003752 
Tag allocator report took 0:00:00.005785 
Zoned routing info allocator took 0:00:00.004505 
Router info report took 0:00:00.003691 
Merged routing table generator took 0:00:00.000886 
Uncompressed routing table report took 0:00:00.035911 
Router report skipped as cfg Reports:write_router_reports is False
Router summary report skipped as cfg Reports:write_router_summary_report is False
Json routing tables skipped as cfg Reports:write_json_routing_tables is False
Locate executable start type took 0:00:00.000163 
Buffer manager creator took 0:00:00.000120 
Write Neo Metadata took 0:00:01.283339 
Record vertex labels to database took 0:00:00.105681 
Routing setup took 0:00:00.004141 
Graph binary gatherer took 0:00:00.006946 
Pair on chip router compression skipped as Tables already small enough
SDRAM outgoing partition allocator took 0:00:00.000894 
Graph data specification writer took 0:00:01.639872 
Control Sync took 0:00:00.000712 
Load fixed routes took 0:00:00.004952 
Execute system data specification took 0:00:00.391181 
Load executable system Images took 0:00:00.242352 
Tags Loader took 0:00:00.012640 
Host data specification took 0:00:00.987634 
Neuron expander took 0:00:00.577599 
Synapse expander took 0:00:00.600703 
Finish connection holders took 0:00:00.000851 
Routing table loader took 0:00:00.006321 
Bitfield compressor report skipped as cfg Reports:write_bit_field_compressor_report is False
Tags from machine report took 0:00:00.013313 
Memory report skipped as cfg Reports:write_memory_map_report is False
Memory report skipped as cfg Reports:write_memory_map_report is False
Compressor report took 0:00:00.082228 
Fixed route report took 0:00:00.007034 
Load executable app images took 0:00:00.232580 
Sdram usage per chip report took 0:00:00.014886 
Drift report skipped as cfg Reports:write_drift_report_start is False
Create database interface took 0:00:02.925733 
Create notification protocol took 0:00:00.001900 
Runtime Update took 0:00:00.027796 
Application runner took 0:00:02.238127 
Extract IO buff skipped as cfg Reports:extract_iobuf is False
Buffer extractor took 0:00:00.357527 
Clear IO buffer took 0:00:00.003950 
Graph provenance gatherer took 0:00:00.174879 
Placements provenance gatherer took 0:00:04.810159 
Router provenance gatherer took 0:00:04.210509 
Profile data gatherer took 0:00:00.078662 
Energy report skipped as cfg Reports:write_energy_report is False
Redundant packet count report took 0:00:00.148253 
Drift report skipped as cfg Reports:write_drift_report_end is False
Control Sync took 0:00:00.001123 
